{
  "stats": {
    "suites": 2,
    "tests": 6,
    "passes": 1,
    "pending": 0,
    "failures": 5,
    "start": "2025-01-20T02:48:21.492Z",
    "end": "2025-01-20T02:48:44.507Z",
    "duration": 23015,
    "testsRegistered": 6,
    "passPercent": 16.666666666666664,
    "pendingPercent": 0,
    "other": 0,
    "hasOther": false,
    "skipped": 0,
    "hasSkipped": false
  },
  "results": [
    {
      "uuid": "541918a8-f626-42f4-84aa-d934fd4a93f3",
      "title": "",
      "fullFile": "cypress/e2e/spec.cy.js",
      "file": "cypress/e2e/spec.cy.js",
      "beforeHooks": [],
      "afterHooks": [],
      "tests": [],
      "suites": [
        {
          "uuid": "56a04e42-9bfb-4e87-aafd-941c04d8c960",
          "title": "spec",
          "fullFile": "",
          "file": "",
          "beforeHooks": [],
          "afterHooks": [],
          "tests": [],
          "suites": [
            {
              "uuid": "347bc162-cc1e-4355-a18b-0dd775adc53a",
              "title": "Todo List",
              "fullFile": "",
              "file": "",
              "beforeHooks": [],
              "afterHooks": [],
              "tests": [
                {
                  "title": "should display the correct frontend url",
                  "fullTitle": "spec Todo List should display the correct frontend url",
                  "timedOut": null,
                  "duration": 217,
                  "state": "passed",
                  "speed": "fast",
                  "pass": true,
                  "fail": false,
                  "pending": false,
                  "context": null,
                  "code": "cy.url().should(\"eq\", todosUrlPage);",
                  "err": {},
                  "uuid": "b4aa58ec-646c-4d6f-a39a-c712f5483b1e",
                  "parentUUID": "347bc162-cc1e-4355-a18b-0dd775adc53a",
                  "isHook": false,
                  "skipped": false
                },
                {
                  "title": "should display the todo list",
                  "fullTitle": "spec Todo List should display the todo list",
                  "timedOut": null,
                  "duration": 4921,
                  "state": "failed",
                  "speed": null,
                  "pass": false,
                  "fail": true,
                  "pending": false,
                  "context": null,
                  "code": "cy.screenshot(\"todo-page\", {\n  overwrite: true\n});\ncy.contains(\"My Todo\");\ncy.get(\"input[placeholder='new task']\").should(\"exist\");\ncy.get(\"#todo-container\").should(\"contain\", \"Learn React\");\ncy.get(\"#todo-container\").should(\"contain\", \"Learn javascript\");\ncy.get(\"#todo-container\").should(\"contain\", \"Learn css\");",
                  "err": {
                    "message": "AssertionError: Timed out retrying after 4000ms: Expected to find content: 'My Todo' but never did.",
                    "estack": "AssertionError: Timed out retrying after 4000ms: Expected to find content: 'My Todo' but never did.\n    at Context.eval (webpack://spec/./cypress/e2e/spec.cy.js:46:9)",
                    "diff": null
                  },
                  "uuid": "21bfd4dd-44b8-4dc6-a73a-5a5149613371",
                  "parentUUID": "347bc162-cc1e-4355-a18b-0dd775adc53a",
                  "isHook": false,
                  "skipped": false
                },
                {
                  "title": "should display completed todos with a strikethrough",
                  "fullTitle": "spec Todo List should display completed todos with a strikethrough",
                  "timedOut": null,
                  "duration": 4279,
                  "state": "failed",
                  "speed": null,
                  "pass": false,
                  "fail": true,
                  "pending": false,
                  "context": null,
                  "code": "cy.get(\"#todo-container\").children().contains(\"Learn React\").should(\"have.css\", \"text-decoration-line\", \"line-through\");\ncy.get(\"#todo-container\").children().contains(\"Learn javascript\").should(\"not.have.css\", \"text-decoration-line\", \"line-through\");",
                  "err": {
                    "message": "AssertionError: Timed out retrying after 4000ms: Expected to find element: `#todo-container`, but never found it.",
                    "estack": "AssertionError: Timed out retrying after 4000ms: Expected to find element: `#todo-container`, but never found it.\n    at Context.eval (webpack://spec/./cypress/e2e/spec.cy.js:54:9)",
                    "diff": null
                  },
                  "uuid": "892258f2-c519-42b5-a61a-cf5d4b33db48",
                  "parentUUID": "347bc162-cc1e-4355-a18b-0dd775adc53a",
                  "isHook": false,
                  "skipped": false
                },
                {
                  "title": "should add a new todo item",
                  "fullTitle": "spec Todo List should add a new todo item",
                  "timedOut": null,
                  "duration": 4291,
                  "state": "failed",
                  "speed": null,
                  "pass": false,
                  "fail": true,
                  "pending": false,
                  "context": null,
                  "code": "cy.get(\"input[placeholder='new task']\").type(\"Test Todo\");\ncy.get(\"input[placeholder='new task']\").type(\"{enter}\");\ncy.wait(500);\ncy.get(\"#todo-container\").should(\"contain\", \"Test Todo\");\ncy.get(\"input[placeholder='new task']\").should(\"have.value\", \"\");",
                  "err": {
                    "message": "AssertionError: Timed out retrying after 4000ms: Expected to find element: `input[placeholder='new task']`, but never found it.",
                    "estack": "AssertionError: Timed out retrying after 4000ms: Expected to find element: `input[placeholder='new task']`, but never found it.\n    at Context.eval (webpack://spec/./cypress/e2e/spec.cy.js:65:9)",
                    "diff": null
                  },
                  "uuid": "3ed923ed-de21-4199-a024-8ff4b53bb106",
                  "parentUUID": "347bc162-cc1e-4355-a18b-0dd775adc53a",
                  "isHook": false,
                  "skipped": false
                },
                {
                  "title": "should toggle the completion status of a todo item",
                  "fullTitle": "spec Todo List should toggle the completion status of a todo item",
                  "timedOut": null,
                  "duration": 4308,
                  "state": "failed",
                  "speed": null,
                  "pass": false,
                  "fail": true,
                  "pending": false,
                  "context": null,
                  "code": "cy.get(\"#todo-container\").children().eq(1).find(\"input[type='checkbox']\").check();\ncy.wait(500);\ncy.get(\"#todo-container\").children().eq(1).find(\"input[type='checkbox']\");\ncy.get(\"#todo-container\").children().eq(1).contains(\"Learn javascript\").should(\"have.css\", \"text-decoration-line\", \"line-through\");",
                  "err": {
                    "message": "AssertionError: Timed out retrying after 4000ms: Expected to find element: `#todo-container`, but never found it.",
                    "estack": "AssertionError: Timed out retrying after 4000ms: Expected to find element: `#todo-container`, but never found it.\n    at Context.eval (webpack://spec/./cypress/e2e/spec.cy.js:73:9)",
                    "diff": null
                  },
                  "uuid": "15f41c60-437a-4074-87b8-bbab04e78036",
                  "parentUUID": "347bc162-cc1e-4355-a18b-0dd775adc53a",
                  "isHook": false,
                  "skipped": false
                },
                {
                  "title": "should delete a todo item",
                  "fullTitle": "spec Todo List should delete a todo item",
                  "timedOut": null,
                  "duration": 4281,
                  "state": "failed",
                  "speed": null,
                  "pass": false,
                  "fail": true,
                  "pending": false,
                  "context": null,
                  "code": "cy.get(\"#todo-container\").children().eq(1).find(\"button\").click();\ncy.wait(500);\ncy.get(\"#todo-container\").should(\"not.contain\", \"Learn javascript\");",
                  "err": {
                    "message": "AssertionError: Timed out retrying after 4000ms: Expected to find element: `#todo-container`, but never found it.",
                    "estack": "AssertionError: Timed out retrying after 4000ms: Expected to find element: `#todo-container`, but never found it.\n    at Context.eval (webpack://spec/./cypress/e2e/spec.cy.js:88:9)",
                    "diff": null
                  },
                  "uuid": "efef0673-4971-4083-a78a-67f843845ae7",
                  "parentUUID": "347bc162-cc1e-4355-a18b-0dd775adc53a",
                  "isHook": false,
                  "skipped": false
                }
              ],
              "suites": [],
              "passes": [
                "b4aa58ec-646c-4d6f-a39a-c712f5483b1e"
              ],
              "failures": [
                "21bfd4dd-44b8-4dc6-a73a-5a5149613371",
                "892258f2-c519-42b5-a61a-cf5d4b33db48",
                "3ed923ed-de21-4199-a024-8ff4b53bb106",
                "15f41c60-437a-4074-87b8-bbab04e78036",
                "efef0673-4971-4083-a78a-67f843845ae7"
              ],
              "pending": [],
              "skipped": [],
              "duration": 22297,
              "root": false,
              "rootEmpty": false,
              "_timeout": 2000
            }
          ],
          "passes": [],
          "failures": [],
          "pending": [],
          "skipped": [],
          "duration": 0,
          "root": false,
          "rootEmpty": false,
          "_timeout": 2000
        }
      ],
      "passes": [],
      "failures": [],
      "pending": [],
      "skipped": [],
      "duration": 0,
      "root": true,
      "rootEmpty": true,
      "_timeout": 2000
    }
  ],
  "meta": {
    "mocha": {
      "version": "7.0.1"
    },
    "mochawesome": {
      "options": {
        "quiet": false,
        "reportFilename": "results",
        "saveHtml": false,
        "saveJson": true,
        "consoleReporter": "spec",
        "useInlineDiffs": false,
        "code": true
      },
      "version": "7.1.3"
    },
    "marge": {
      "options": {
        "reportDir": "cypress/reports",
        "reportFilename": "results",
        "overwrite": true,
        "html": false,
        "json": true
      },
      "version": "6.2.0"
    }
  }
}